\BOOKMARK [1][-]{section.1}{Zadanie 1}{}% 1
\BOOKMARK [2][-]{subsection.1.1}{Opis problemu}{section.1}% 2
\BOOKMARK [2][-]{subsection.1.2}{Realizacja}{section.1}% 3
\BOOKMARK [2][-]{subsection.1.3}{Wyniki}{section.1}% 4
\BOOKMARK [2][-]{subsection.1.4}{Wnioski}{section.1}% 5
\BOOKMARK [1][-]{section.2}{Zadanie 2}{}% 6
\BOOKMARK [2][-]{subsection.2.1}{Opis problemu}{section.2}% 7
\BOOKMARK [2][-]{subsection.2.2}{Realizacja}{section.2}% 8
\BOOKMARK [2][-]{subsection.2.3}{Wyniki}{section.2}% 9
\BOOKMARK [2][-]{subsection.2.4}{Wnioski}{section.2}% 10
\BOOKMARK [1][-]{section.3}{Zadanie 3}{}% 11
\BOOKMARK [2][-]{subsection.3.1}{Opis problemu}{section.3}% 12
\BOOKMARK [2][-]{subsection.3.2}{Realizacja}{section.3}% 13
\BOOKMARK [2][-]{subsection.3.3}{Wyniki}{section.3}% 14
\BOOKMARK [2][-]{subsection.3.4}{Wnioski}{section.3}% 15
\BOOKMARK [1][-]{section.4}{Zadanie 4}{}% 16
\BOOKMARK [2][-]{subsection.4.1}{Opis problemu}{section.4}% 17
\BOOKMARK [2][-]{subsection.4.2}{Realizacja}{section.4}% 18
\BOOKMARK [2][-]{subsection.4.3}{Wyniki}{section.4}% 19
\BOOKMARK [2][-]{subsection.4.4}{Wnioski}{section.4}% 20
\BOOKMARK [1][-]{section.5}{Zadanie 5}{}% 21
\BOOKMARK [2][-]{subsection.5.1}{Opis problemu}{section.5}% 22
\BOOKMARK [2][-]{subsection.5.2}{Realizacja}{section.5}% 23
\BOOKMARK [2][-]{subsection.5.3}{Wyniki}{section.5}% 24
\BOOKMARK [2][-]{subsection.5.4}{Wnioski}{section.5}% 25
\BOOKMARK [1][-]{section.6}{Zadanie 6}{}% 26
\BOOKMARK [2][-]{subsection.6.1}{Opis problemu}{section.6}% 27
\BOOKMARK [2][-]{subsection.6.2}{Realizacja}{section.6}% 28
\BOOKMARK [2][-]{subsection.6.3}{Wyniki}{section.6}% 29
\BOOKMARK [2][-]{subsection.6.4}{Wnioski}{section.6}% 30
