\BOOKMARK [1][-]{section.1}{Zadanie 1}{}% 1
\BOOKMARK [2][-]{subsection.1.1}{Opis problemu}{section.1}% 2
\BOOKMARK [2][-]{subsection.1.2}{Realizacja}{section.1}% 3
\BOOKMARK [1][-]{section.2}{Zadanie 2}{}% 4
\BOOKMARK [2][-]{subsection.2.1}{Opis problemu}{section.2}% 5
\BOOKMARK [2][-]{subsection.2.2}{Realizacja}{section.2}% 6
\BOOKMARK [1][-]{section.3}{Zadanie 3}{}% 7
\BOOKMARK [2][-]{subsection.3.1}{Opis problemu}{section.3}% 8
\BOOKMARK [2][-]{subsection.3.2}{Realizacja}{section.3}% 9
\BOOKMARK [1][-]{section.4}{Zadanie 4}{}% 10
\BOOKMARK [2][-]{subsection.4.1}{Opis problemu}{section.4}% 11
\BOOKMARK [2][-]{subsection.4.2}{Realizacja}{section.4}% 12
\BOOKMARK [1][-]{section.5}{Zadanie 5}{}% 13
\BOOKMARK [2][-]{subsection.5.1}{Opis problemu}{section.5}% 14
\BOOKMARK [2][-]{subsection.5.2}{Wyniki}{section.5}% 15
\BOOKMARK [2][-]{subsection.5.3}{Wnioski}{section.5}% 16
\BOOKMARK [1][-]{section.6}{Zadanie 6}{}% 17
\BOOKMARK [2][-]{subsection.6.1}{Opis problemu}{section.6}% 18
\BOOKMARK [2][-]{subsection.6.2}{Wyniki}{section.6}% 19
\BOOKMARK [2][-]{subsection.6.3}{Wnioski}{section.6}% 20
