\BOOKMARK [1][-]{section.1}{Zadanie 1}{}% 1
\BOOKMARK [2][-]{subsection.1.1}{Opis problemu}{section.1}% 2
\BOOKMARK [2][-]{subsection.1.2}{Realizacja}{section.1}% 3
\BOOKMARK [1][-]{section.2}{Zadanie 2}{}% 4
\BOOKMARK [2][-]{subsection.2.1}{Opis problemu}{section.2}% 5
\BOOKMARK [2][-]{subsection.2.2}{Realizacja}{section.2}% 6
\BOOKMARK [1][-]{section.3}{Zadanie 3}{}% 7
\BOOKMARK [2][-]{subsection.3.1}{Opis problemu}{section.3}% 8
\BOOKMARK [2][-]{subsection.3.2}{Realizacja}{section.3}% 9
\BOOKMARK [1][-]{section.4}{Wyniki test\363w}{}% 10
\BOOKMARK [1][-]{section.5}{Wnioski z zadan 1, 2 i 3}{}% 11
\BOOKMARK [1][-]{section.6}{Zadanie 4}{}% 12
\BOOKMARK [2][-]{subsection.6.1}{Opis problemu}{section.6}% 13
\BOOKMARK [2][-]{subsection.6.2}{Realizacja}{section.6}% 14
\BOOKMARK [2][-]{subsection.6.3}{Wyniki}{section.6}% 15
\BOOKMARK [2][-]{subsection.6.4}{Wnioski}{section.6}% 16
\BOOKMARK [1][-]{section.7}{Zadanie 5}{}% 17
\BOOKMARK [2][-]{subsection.7.1}{Opis problemu}{section.7}% 18
\BOOKMARK [2][-]{subsection.7.2}{Realizacja}{section.7}% 19
\BOOKMARK [2][-]{subsection.7.3}{Wyniki}{section.7}% 20
\BOOKMARK [2][-]{subsection.7.4}{Wnioski}{section.7}% 21
\BOOKMARK [1][-]{section.8}{Zadanie 6}{}% 22
\BOOKMARK [2][-]{subsection.8.1}{Opis problemu}{section.8}% 23
\BOOKMARK [2][-]{subsection.8.2}{Realizacja}{section.8}% 24
\BOOKMARK [2][-]{subsection.8.3}{Wyniki}{section.8}% 25
\BOOKMARK [2][-]{subsection.8.4}{Wnioski}{section.8}% 26
